<?xml version="1.0" encoding="UTF-8"?>
<!-- Generated by org.testng.reporters.JUnitReportReporter -->
<testsuite name="com.nivelle.spring.testng.TestNgParams" tests="5" time="0.029" ignored="0" failures="0"
           timestamp="27 十月 2020 12:12:52 GMT" skipped="0" hostname="nivelleMac" errors="0">
    <testcase name="paramsTest3" time="0.000" classname="com.nivelle.spring.testng.TestNgParams"/>
    <testcase name="paramsTest2" time="0.000" classname="com.nivelle.spring.testng.TestNgParams"/>
    <testcase name="paramsTest1" time="0.014" classname="com.nivelle.spring.testng.TestNgParams"/>
    <testcase name="paramsTest3" time="0.014" classname="com.nivelle.spring.testng.TestNgParams"/>
    <testcase name="paramsTest3" time="0.001" classname="com.nivelle.spring.testng.TestNgParams"/>
</testsuite> <!-- com.nivelle.spring.testng.TestNgParams -->
